[26271:259:0627/211355.127070:INFO:CONSOLE(1)] "undefined", source: https://aeu.alicdn.com/waf/antidomxss_v640.js (1)
[26271:259:0627/211355.136150:INFO:CONSOLE(0)] "Mixed Content: The page at 'https://www.vvic.com/item/627fd200b4ebc600070b3b29' was loaded over HTTPS, but requested an insecure element 'http://www.beian.gov.cn/img/new/gongan.png'. This request was automatically upgraded to HTTPS, For more information see https://blog.chromium.org/2019/10/no-more-mixed-messages-about-https.html", source: https://www.vvic.com/item/627fd200b4ebc600070b3b29 (0)
[26271:259:0627/211355.247847:INFO:CONSOLE(2835)] "Mixed Content: The page at 'https://www.vvic.com/item/627fd200b4ebc600070b3b29' was loaded over HTTPS, but requested an insecure element 'http://www.beian.gov.cn/img/new/gongan.png'. This request was automatically upgraded to HTTPS, For more information see https://blog.chromium.org/2019/10/no-more-mixed-messages-about-https.html", source: https://www.vvic.com/item/627fd200b4ebc600070b3b29 (2835)
[26271:259:0627/211355.430921:INFO:CONSOLE(2)] "{
  "distinct_id": "181a50d8eeb1011-0b90c028744e618-50500c15-4953600-181a50d8eec105f",
  "lib": {
    "$lib": "js",
    "$lib_method": "code",
    "$lib_version": "1.18.9"
  },
  "properties": {
    "$timezone_offset": -540,
    "$screen_height": 1440,
    "$screen_width": 3440,
    "$lib": "js",
    "$lib_version": "1.18.9",
    "$latest_traffic_source_type": "直接流量",
    "$latest_search_keyword": "未取到值_直接打开",
    "$latest_referrer": "",
    "$referrer": "",
    "$url": "https://www.vvic.com/item/627fd200b4ebc600070b3b29",
    "$url_path": "/item/627fd200b4ebc600070b3b29",
    "$title": "已出货2022夏季新款雪纺衫蝴蝶结气质短袖衬衫洋气小衫缎面上衣女-红彤彤服饰7269#42.00元-广州批发货源-搜款网",
    "platform_type": "web",
    "app_name": "搜款网pc端",
    "is_login": false,
    "ABtestId": [],
    "city_market_id": "1",
    "user_type": "",
    "device_id_old": "118BD3F7F1942301483B9E6046F33655",
    "page_attr": "item_detail",
    "$is_first_day": true,
    "$is_first_time": false,
    "$referrer_host": ""
  },
  "anonymous_id": "181a50d8eeb1011-0b90c028744e618-50500c15-4953600-181a50d8eec105f",
  "type": "track",
  "event": "$pageview",
  "_track_id": 359795428
}", source: https://src.vvic.com/statics/lib/sentry/bundle.tracing.min.js?v=1.2 (2)
[26271:259:0627/211355.801214:INFO:CONSOLE(2)] "VIDEOJS: WARN: Player "mainVideo" is already initialised. Options will not be applied.", source: https://src.vvic.com/statics/lib/sentry/bundle.tracing.min.js?v=1.2 (2)
[26271:259:0627/211356.284725:INFO:CONSOLE(2)] "send------------- 100892", source: https://src.vvic.com/statics/lib/sentry/bundle.tracing.min.js?v=1.2 (2)
[26271:259:0627/211356.285503:INFO:CONSOLE(2)] "_avct: e_ad_materialid|100892|item_id=&shop_id=&page_no=&sort=&location=0&ad_id=1361&algo_id=&score=", source: https://src.vvic.com/statics/lib/sentry/bundle.tracing.min.js?v=1.2 (2)
[26271:259:0627/211358.846861:INFO:CONSOLE(2)] "send------------- 33198066", source: https://src.vvic.com/statics/lib/sentry/bundle.tracing.min.js?v=1.2 (2)
[26271:259:0627/211358.847017:INFO:CONSOLE(2)] "_vct: e_item|33198066", source: https://src.vvic.com/statics/lib/sentry/bundle.tracing.min.js?v=1.2 (2)
[26271:259:0627/211358.847315:INFO:CONSOLE(2)] "send------------- 32897201", source: https://src.vvic.com/statics/lib/sentry/bundle.tracing.min.js?v=1.2 (2)
[26271:259:0627/211358.847501:INFO:CONSOLE(2)] "_vct: e_item|32897201", source: https://src.vvic.com/statics/lib/sentry/bundle.tracing.min.js?v=1.2 (2)
[26271:259:0627/211358.847761:INFO:CONSOLE(2)] "send------------- 32897024", source: https://src.vvic.com/statics/lib/sentry/bundle.tracing.min.js?v=1.2 (2)
[26271:259:0627/211358.847929:INFO:CONSOLE(2)] "_vct: e_item|32897024", source: https://src.vvic.com/statics/lib/sentry/bundle.tracing.min.js?v=1.2 (2)
[26271:259:0627/211358.848180:INFO:CONSOLE(2)] "send------------- 32881602", source: https://src.vvic.com/statics/lib/sentry/bundle.tracing.min.js?v=1.2 (2)
[26271:259:0627/211358.848283:INFO:CONSOLE(2)] "_vct: e_item|32881602", source: https://src.vvic.com/statics/lib/sentry/bundle.tracing.min.js?v=1.2 (2)
[26271:259:0627/211358.848486:INFO:CONSOLE(2)] "send------------- 32881226", source: https://src.vvic.com/statics/lib/sentry/bundle.tracing.min.js?v=1.2 (2)
[26271:259:0627/211358.848637:INFO:CONSOLE(2)] "_vct: e_item|32881226", source: https://src.vvic.com/statics/lib/sentry/bundle.tracing.min.js?v=1.2 (2)
[26271:259:0627/211358.848848:INFO:CONSOLE(2)] "send------------- 32880902", source: https://src.vvic.com/statics/lib/sentry/bundle.tracing.min.js?v=1.2 (2)
[26271:259:0627/211358.848985:INFO:CONSOLE(2)] "_vct: e_item|32880902", source: https://src.vvic.com/statics/lib/sentry/bundle.tracing.min.js?v=1.2 (2)
[26271:259:0627/211358.849141:INFO:CONSOLE(2)] "send------------- 32880694", source: https://src.vvic.com/statics/lib/sentry/bundle.tracing.min.js?v=1.2 (2)
[26271:259:0627/211358.849316:INFO:CONSOLE(2)] "_vct: e_item|32880694", source: https://src.vvic.com/statics/lib/sentry/bundle.tracing.min.js?v=1.2 (2)
[26271:259:0627/211358.849543:INFO:CONSOLE(2)] "send------------- 32865505", source: https://src.vvic.com/statics/lib/sentry/bundle.tracing.min.js?v=1.2 (2)
[26271:259:0627/211358.849713:INFO:CONSOLE(2)] "_vct: e_item|32865505", source: https://src.vvic.com/statics/lib/sentry/bundle.tracing.min.js?v=1.2 (2)
[26271:259:0627/211358.849871:INFO:CONSOLE(2)] "send------------- 32865055", source: https://src.vvic.com/statics/lib/sentry/bundle.tracing.min.js?v=1.2 (2)
[26271:259:0627/211358.849999:INFO:CONSOLE(2)] "_vct: e_item|32865055", source: https://src.vvic.com/statics/lib/sentry/bundle.tracing.min.js?v=1.2 (2)
[26271:259:0627/211358.850103:INFO:CONSOLE(2)] "send------------- 32692747", source: https://src.vvic.com/statics/lib/sentry/bundle.tracing.min.js?v=1.2 (2)
[26271:259:0627/211358.850240:INFO:CONSOLE(2)] "_vct: e_item|32692747", source: https://src.vvic.com/statics/lib/sentry/bundle.tracing.min.js?v=1.2 (2)
[26271:259:0627/211405.276317:INFO:CONSOLE(2)] "send------------- 33166731", source: https://src.vvic.com/statics/lib/sentry/bundle.tracing.min.js?v=1.2 (2)
[26271:259:0627/211405.276885:INFO:CONSOLE(2)] "_vct: e_item|33166731", source: https://src.vvic.com/statics/lib/sentry/bundle.tracing.min.js?v=1.2 (2)
[26271:259:0627/211405.276958:INFO:CONSOLE(2)] "send------------- 33056101", source: https://src.vvic.com/statics/lib/sentry/bundle.tracing.min.js?v=1.2 (2)
[26271:259:0627/211405.276983:INFO:CONSOLE(2)] "_vct: e_item|33056101", source: https://src.vvic.com/statics/lib/sentry/bundle.tracing.min.js?v=1.2 (2)
[26271:259:0627/211416.281175:WARNING:pref_notifier_impl.cc(41)] Pref observer for media_router.cast_allow_all_ips found at shutdown.
